<?xml version="1.0" encoding="UTF-8"?>
<!-- Generated by org.testng.reporters.JUnitReportReporter -->
<testsuite hostname="Active34" failures="0" tests="2" name="opend.AdvertiserGetrequest" time="4.703" errors="0" timestamp="2023-11-21T14:34:30 IST" skipped="0">
  <testcase classname="opend.AdvertiserGetrequest" name="AccessToken" time="3.726"/>
  <testcase classname="opend.AdvertiserGetrequest" name="GetAdvertiser" time="0.977"/>
</testsuite> <!-- opend.AdvertiserGetrequest -->
